<?xml version="1.0" encoding="UTF-8"?>
<!-- Generated by org.testng.reporters.JUnitReportReporter -->
<testsuite hostname="DESKTOP-ACE4LDG" failures="0" tests="1" name="testCases.SupportAccountPage" time="3.135" errors="0" timestamp="2020-05-21T11:31:30 IST" skipped="0">
  <testcase classname="testCases.SupportAccountPage" name="SupportNavigation" time="3.135"/>
  <system-out/>
</testsuite> <!-- testCases.SupportAccountPage -->
