<?xml version="1.0" encoding="UTF-8"?>
<!-- Generated by org.testng.reporters.JUnitReportReporter -->
<testsuite hostname="DESKTOP-ACE4LDG" failures="0" tests="1" name="testCases.Login_page" time="18.065" errors="0" timestamp="2020-05-15T08:18:55 IST" skipped="0">
  <testcase classname="testCases.Login_page" name="HomePageNavigation" time="18.065"/>
  <system-out/>
</testsuite> <!-- testCases.Login_page -->
