<?xml version="1.0" encoding="UTF-8"?>
<!-- Generated by org.testng.reporters.JUnitReportReporter -->
<testsuite hostname="DESKTOP-ACE4LDG" failures="0" tests="1" name="testCases.Landing_page" time="11.725" errors="0" timestamp="2020-05-21T11:31:30 IST" skipped="0">
  <testcase classname="testCases.Landing_page" name="HomePageNavigation" time="11.725"/>
  <system-out/>
</testsuite> <!-- testCases.Landing_page -->
