<?xml version="1.0" encoding="UTF-8"?>
<!-- Generated by org.testng.reporters.JUnitReportReporter -->
<testsuite hostname="DESKTOP-ACE4LDG" failures="0" tests="1" name="testCases.SupportAccountPage" time="0.989" errors="0" timestamp="2020-05-17T14:32:27 IST" skipped="0">
  <testcase classname="testCases.SupportAccountPage" name="HomePageNavigation" time="0.989"/>
  <system-out/>
</testsuite> <!-- testCases.SupportAccountPage -->
