<?xml version="1.0" encoding="UTF-8"?>
<!-- Generated by org.testng.reporters.JUnitReportReporter -->
<testsuite hostname="DESKTOP-ACE4LDG" failures="0" tests="1" name="testCases.Landing_page" time="4.063" errors="0" timestamp="2020-05-17T14:32:27 IST" skipped="0">
  <testcase classname="testCases.Landing_page" name="HomePageNavigation" time="4.063"/>
  <system-out/>
</testsuite> <!-- testCases.Landing_page -->
